<?xml version="1.0" encoding="UTF-8"?>
<coverage generated="1593861557806" clover="3.2.0">
  <project timestamp="1593861557806" name="All files">
    <metrics statements="122" coveredstatements="122" conditionals="52" coveredconditionals="29" methods="23" coveredmethods="23" elements="197" coveredelements="174" complexity="0" loc="122" ncloc="122" packages="1" files="1" classes="1"/>
    <file name="dms_date_class.ts" path="E:\WorkSpace\Github\DMS-Toolkit\dms_date_class.ts">
      <metrics statements="122" coveredstatements="122" conditionals="52" coveredconditionals="29" methods="23" coveredmethods="23"/>
      <line num="14" count="1" type="stmt"/>
      <line num="24" count="1" type="stmt"/>
      <line num="25" count="15" type="stmt"/>
      <line num="32" count="15" type="stmt"/>
      <line num="40" count="1" type="stmt"/>
      <line num="41" count="5" type="cond" truecount="1" falsecount="1"/>
      <line num="52" count="46" type="cond" truecount="2" falsecount="0"/>
      <line num="53" count="24" type="stmt"/>
      <line num="54" count="50" type="stmt"/>
      <line num="55" count="24" type="stmt"/>
      <line num="56" count="24" type="stmt"/>
      <line num="95" count="1" type="stmt"/>
      <line num="96" count="2" type="cond" truecount="1" falsecount="1"/>
      <line num="97" count="2" type="cond" truecount="1" falsecount="1"/>
      <line num="98" count="3" type="cond" truecount="2" falsecount="0"/>
      <line num="110" count="2" type="stmt"/>
      <line num="113" count="1" type="stmt"/>
      <line num="128" count="1" type="stmt"/>
      <line num="143" count="1" type="stmt"/>
      <line num="153" count="1" type="stmt"/>
      <line num="154" count="1" type="stmt"/>
      <line num="155" count="1" type="stmt"/>
      <line num="159" count="1" type="stmt"/>
      <line num="173" count="1" type="stmt"/>
      <line num="175" count="1" type="stmt"/>
      <line num="177" count="1" type="stmt"/>
      <line num="178" count="1" type="stmt"/>
      <line num="179" count="1" type="stmt"/>
      <line num="182" count="2" type="stmt"/>
      <line num="183" count="2" type="stmt"/>
      <line num="184" count="2" type="stmt"/>
      <line num="185" count="2" type="stmt"/>
      <line num="186" count="2" type="stmt"/>
      <line num="187" count="2" type="stmt"/>
      <line num="188" count="2" type="stmt"/>
      <line num="189" count="2" type="cond" truecount="1" falsecount="1"/>
      <line num="190" count="2" type="stmt"/>
      <line num="191" count="2" type="stmt"/>
      <line num="192" count="2" type="stmt"/>
      <line num="193" count="2" type="stmt"/>
      <line num="196" count="2" type="stmt"/>
      <line num="197" count="2" type="stmt"/>
      <line num="200" count="2" type="stmt"/>
      <line num="205" count="2" type="stmt"/>
      <line num="208" count="2" type="stmt"/>
      <line num="209" count="2" type="stmt"/>
      <line num="210" count="2" type="stmt"/>
      <line num="211" count="2" type="stmt"/>
      <line num="212" count="2" type="stmt"/>
      <line num="213" count="2" type="stmt"/>
      <line num="214" count="2" type="stmt"/>
      <line num="215" count="2" type="stmt"/>
      <line num="216" count="2" type="stmt"/>
      <line num="217" count="2" type="stmt"/>
      <line num="218" count="2" type="stmt"/>
      <line num="219" count="2" type="stmt"/>
      <line num="220" count="2" type="stmt"/>
      <line num="221" count="2" type="stmt"/>
      <line num="222" count="2" type="stmt"/>
      <line num="223" count="2" type="stmt"/>
      <line num="225" count="2" type="stmt"/>
      <line num="226" count="2" type="stmt"/>
      <line num="227" count="2" type="stmt"/>
      <line num="231" count="2" type="stmt"/>
      <line num="233" count="43" type="cond" truecount="2" falsecount="0"/>
      <line num="234" count="2" type="stmt"/>
      <line num="235" count="2" type="stmt"/>
      <line num="236" count="2" type="stmt"/>
      <line num="240" count="41" type="cond" truecount="2" falsecount="0"/>
      <line num="241" count="22" type="stmt"/>
      <line num="246" count="22" type="stmt"/>
      <line num="247" count="22" type="stmt"/>
      <line num="248" count="22" type="stmt"/>
      <line num="251" count="19" type="stmt"/>
      <line num="252" count="19" type="stmt"/>
      <line num="254" count="2" type="cond" truecount="1" falsecount="1"/>
      <line num="255" count="2" type="stmt"/>
      <line num="261" count="2" type="stmt"/>
      <line num="274" count="1" type="stmt"/>
      <line num="276" count="1" type="cond" truecount="1" falsecount="1"/>
      <line num="278" count="1" type="stmt"/>
      <line num="279" count="1" type="stmt"/>
      <line num="280" count="1" type="stmt"/>
      <line num="281" count="1" type="stmt"/>
      <line num="287" count="1" type="stmt"/>
      <line num="291" count="1" type="stmt"/>
      <line num="292" count="1" type="stmt"/>
      <line num="293" count="1" type="stmt"/>
      <line num="294" count="1" type="stmt"/>
      <line num="295" count="1" type="stmt"/>
      <line num="296" count="1" type="stmt"/>
      <line num="297" count="1" type="stmt"/>
      <line num="310" count="1" type="stmt"/>
      <line num="313" count="1" type="cond" truecount="1" falsecount="1"/>
      <line num="314" count="1" type="stmt"/>
      <line num="315" count="1" type="stmt"/>
      <line num="316" count="5" type="stmt"/>
      <line num="318" count="1" type="stmt"/>
      <line num="336" count="2" type="cond" truecount="1" falsecount="1"/>
      <line num="337" count="2" type="stmt"/>
      <line num="338" count="2" type="stmt"/>
      <line num="339" count="2" type="stmt"/>
      <line num="340" count="2" type="stmt"/>
      <line num="342" count="2" type="stmt"/>
      <line num="356" count="1" type="cond" truecount="2" falsecount="2"/>
      <line num="357" count="1" type="stmt"/>
      <line num="358" count="1" type="stmt"/>
      <line num="359" count="1" type="stmt"/>
      <line num="363" count="1" type="stmt"/>
      <line num="364" count="1" type="stmt"/>
      <line num="382" count="1" type="cond" truecount="3" falsecount="3"/>
      <line num="383" count="1" type="stmt"/>
      <line num="384" count="1" type="stmt"/>
      <line num="385" count="1" type="stmt"/>
      <line num="386" count="1" type="stmt"/>
      <line num="387" count="1" type="stmt"/>
      <line num="388" count="1" type="stmt"/>
      <line num="389" count="1" type="stmt"/>
      <line num="390" count="1" type="stmt"/>
      <line num="391" count="1" type="stmt"/>
      <line num="393" count="1" type="stmt"/>
      <line num="395" count="1" type="stmt"/>
    </file>
  </project>
</coverage>
