{"E:\\WorkSpace\\Github\\DMS-Toolkit\\dms_date_class.ts": {"path":"E:\\WorkSpace\\Github\\DMS-Toolkit\\dms_date_class.ts","statementMap":{"0":{"start":{"line":14,"column":0},"end":{"line":14,"column":null}},"1":{"start":{"line":95,"column":16},"end":{"line":262,"column":null}},"2":{"start":{"line":96,"column":4},"end":{"line":96,"column":null}},"3":{"start":{"line":97,"column":4},"end":{"line":97,"column":null}},"4":{"start":{"line":98,"column":4},"end":{"line":98,"column":null}},"5":{"start":{"line":110,"column":31},"end":{"line":181,"column":6}},"6":{"start":{"line":113,"column":10},"end":{"line":126,"column":null}},"7":{"start":{"line":128,"column":10},"end":{"line":141,"column":null}},"8":{"start":{"line":143,"column":10},"end":{"line":151,"column":null}},"9":{"start":{"line":153,"column":10},"end":{"line":153,"column":null}},"10":{"start":{"line":154,"column":41},"end":{"line":154,"column":null}},"11":{"start":{"line":155,"column":46},"end":{"line":155,"column":null}},"12":{"start":{"line":159,"column":10},"end":{"line":172,"column":null}},"13":{"start":{"line":173,"column":47},"end":{"line":173,"column":null}},"14":{"start":{"line":175,"column":10},"end":{"line":175,"column":null}},"15":{"start":{"line":177,"column":10},"end":{"line":177,"column":null}},"16":{"start":{"line":178,"column":41},"end":{"line":178,"column":null}},"17":{"start":{"line":179,"column":46},"end":{"line":179,"column":null}},"18":{"start":{"line":182,"column":51},"end":{"line":182,"column":53}},"19":{"start":{"line":183,"column":4},"end":{"line":183,"column":null}},"20":{"start":{"line":184,"column":4},"end":{"line":184,"column":54}},"21":{"start":{"line":185,"column":4},"end":{"line":185,"column":55}},"22":{"start":{"line":186,"column":4},"end":{"line":186,"column":50}},"23":{"start":{"line":187,"column":4},"end":{"line":187,"column":49}},"24":{"start":{"line":188,"column":4},"end":{"line":188,"column":51}},"25":{"start":{"line":189,"column":4},"end":{"line":189,"column":74}},"26":{"start":{"line":190,"column":4},"end":{"line":190,"column":53}},"27":{"start":{"line":191,"column":4},"end":{"line":191,"column":53}},"28":{"start":{"line":192,"column":4},"end":{"line":192,"column":78}},"29":{"start":{"line":193,"column":4},"end":{"line":195,"column":6}},"30":{"start":{"line":196,"column":4},"end":{"line":196,"column":72}},"31":{"start":{"line":197,"column":4},"end":{"line":199,"column":58}},"32":{"start":{"line":200,"column":4},"end":{"line":204,"column":6}},"33":{"start":{"line":205,"column":4},"end":{"line":207,"column":6}},"34":{"start":{"line":208,"column":4},"end":{"line":208,"column":74}},"35":{"start":{"line":209,"column":4},"end":{"line":209,"column":64}},"36":{"start":{"line":210,"column":4},"end":{"line":210,"column":65}},"37":{"start":{"line":211,"column":4},"end":{"line":211,"column":70}},"38":{"start":{"line":212,"column":4},"end":{"line":212,"column":55}},"39":{"start":{"line":213,"column":4},"end":{"line":213,"column":65}},"40":{"start":{"line":214,"column":4},"end":{"line":214,"column":70}},"41":{"start":{"line":215,"column":4},"end":{"line":215,"column":55}},"42":{"start":{"line":216,"column":4},"end":{"line":216,"column":55}},"43":{"start":{"line":217,"column":4},"end":{"line":217,"column":55}},"44":{"start":{"line":218,"column":4},"end":{"line":218,"column":55}},"45":{"start":{"line":219,"column":4},"end":{"line":219,"column":55}},"46":{"start":{"line":220,"column":4},"end":{"line":220,"column":59}},"47":{"start":{"line":221,"column":4},"end":{"line":221,"column":64}},"48":{"start":{"line":222,"column":4},"end":{"line":222,"column":52}},"49":{"start":{"line":223,"column":4},"end":{"line":223,"column":51}},"50":{"start":{"line":225,"column":26},"end":{"line":225,"column":42}},"51":{"start":{"line":226,"column":32},"end":{"line":226,"column":34}},"52":{"start":{"line":227,"column":57},"end":{"line":230,"column":6}},"53":{"start":{"line":231,"column":4},"end":{"line":253,"column":null}},"54":{"start":{"line":231,"column":17},"end":{"line":231,"column":18}},"55":{"start":{"line":233,"column":6},"end":{"line":237,"column":null}},"56":{"start":{"line":234,"column":8},"end":{"line":234,"column":42}},"57":{"start":{"line":235,"column":8},"end":{"line":235,"column":40}},"58":{"start":{"line":236,"column":8},"end":{"line":236,"column":17}},"59":{"start":{"line":240,"column":6},"end":{"line":249,"column":null}},"60":{"start":{"line":241,"column":8},"end":{"line":245,"column":10}},"61":{"start":{"line":246,"column":8},"end":{"line":246,"column":42}},"62":{"start":{"line":247,"column":8},"end":{"line":247,"column":40}},"63":{"start":{"line":248,"column":8},"end":{"line":248,"column":17}},"64":{"start":{"line":251,"column":6},"end":{"line":251,"column":39}},"65":{"start":{"line":252,"column":6},"end":{"line":252,"column":15}},"66":{"start":{"line":254,"column":4},"end":{"line":260,"column":null}},"67":{"start":{"line":255,"column":6},"end":{"line":259,"column":8}},"68":{"start":{"line":261,"column":4},"end":{"line":261,"column":30}},"69":{"start":{"line":274,"column":16},"end":{"line":298,"column":null}},"70":{"start":{"line":276,"column":4},"end":{"line":276,"column":null}},"71":{"start":{"line":278,"column":23},"end":{"line":278,"column":46}},"72":{"start":{"line":279,"column":21},"end":{"line":279,"column":42}},"73":{"start":{"line":281,"column":6},"end":{"line":283,"column":32}},"74":{"start":{"line":280,"column":19},"end":{"line":280,"column":21}},"75":{"start":{"line":280,"column":30},"end":{"line":280,"column":null}},"76":{"start":{"line":287,"column":8},"end":{"line":290,"column":6}},"77":{"start":{"line":291,"column":24},"end":{"line":291,"column":46}},"78":{"start":{"line":292,"column":4},"end":{"line":292,"column":69}},"79":{"start":{"line":293,"column":4},"end":{"line":293,"column":74}},"80":{"start":{"line":294,"column":4},"end":{"line":294,"column":74}},"81":{"start":{"line":295,"column":4},"end":{"line":295,"column":74}},"82":{"start":{"line":296,"column":4},"end":{"line":296,"column":76}},"83":{"start":{"line":297,"column":4},"end":{"line":297,"column":21}},"84":{"start":{"line":310,"column":16},"end":{"line":323,"column":null}},"85":{"start":{"line":310,"column":2},"end":{"line":310,"column":16}},"86":{"start":{"line":313,"column":5},"end":{"line":313,"column":null}},"87":{"start":{"line":314,"column":28},"end":{"line":314,"column":29}},"88":{"start":{"line":315,"column":4},"end":{"line":317,"column":null}},"89":{"start":{"line":316,"column":6},"end":{"line":316,"column":null}},"90":{"start":{"line":318,"column":4},"end":{"line":322,"column":null}},"91":{"start":{"line":336,"column":16},"end":{"line":343,"column":null}},"92":{"start":{"line":336,"column":28},"end":{"line":336,"column":null}},"93":{"start":{"line":337,"column":43},"end":{"line":337,"column":45}},"94":{"start":{"line":338,"column":4},"end":{"line":338,"column":null}},"95":{"start":{"line":339,"column":4},"end":{"line":339,"column":null}},"96":{"start":{"line":340,"column":4},"end":{"line":341,"column":68}},"97":{"start":{"line":342,"column":4},"end":{"line":342,"column":null}},"98":{"start":{"line":356,"column":16},"end":{"line":365,"column":null}},"99":{"start":{"line":356,"column":29},"end":{"line":356,"column":76}},"100":{"start":{"line":356,"column":76},"end":{"line":356,"column":null}},"101":{"start":{"line":357,"column":44},"end":{"line":357,"column":46}},"102":{"start":{"line":358,"column":4},"end":{"line":358,"column":null}},"103":{"start":{"line":359,"column":4},"end":{"line":362,"column":null}},"104":{"start":{"line":363,"column":4},"end":{"line":363,"column":null}},"105":{"start":{"line":364,"column":4},"end":{"line":364,"column":null}},"106":{"start":{"line":382,"column":16},"end":{"line":392,"column":null}},"107":{"start":{"line":382,"column":27},"end":{"line":382,"column":74}},"108":{"start":{"line":382,"column":74},"end":{"line":382,"column":121}},"109":{"start":{"line":382,"column":121},"end":{"line":382,"column":null}},"110":{"start":{"line":383,"column":42},"end":{"line":383,"column":44}},"111":{"start":{"line":384,"column":4},"end":{"line":384,"column":null}},"112":{"start":{"line":385,"column":4},"end":{"line":385,"column":null}},"113":{"start":{"line":386,"column":21},"end":{"line":386,"column":55}},"114":{"start":{"line":387,"column":4},"end":{"line":387,"column":null}},"115":{"start":{"line":388,"column":4},"end":{"line":388,"column":null}},"116":{"start":{"line":389,"column":4},"end":{"line":389,"column":null}},"117":{"start":{"line":390,"column":4},"end":{"line":390,"column":null}},"118":{"start":{"line":391,"column":4},"end":{"line":391,"column":null}},"119":{"start":{"line":24,"column":17},"end":{"line":33,"column":null}},"120":{"start":{"line":25,"column":23},"end":{"line":31,"column":null}},"121":{"start":{"line":32,"column":4},"end":{"line":32,"column":null}},"122":{"start":{"line":40,"column":17},"end":{"line":42,"column":null}},"123":{"start":{"line":41,"column":4},"end":{"line":41,"column":null}},"124":{"start":{"line":52,"column":16},"end":{"line":57,"column":4}},"125":{"start":{"line":52,"column":52},"end":{"line":52,"column":null}},"126":{"start":{"line":53,"column":30},"end":{"line":53,"column":32}},"127":{"start":{"line":54,"column":4},"end":{"line":54,"column":55}},"128":{"start":{"line":54,"column":17},"end":{"line":54,"column":18}},"129":{"start":{"line":54,"column":37},"end":{"line":54,"column":55}},"130":{"start":{"line":55,"column":20},"end":{"line":55,"column":50}},"131":{"start":{"line":56,"column":4},"end":{"line":56,"column":67}},"132":{"start":{"line":393,"column":0},"end":{"line":393,"column":null}},"133":{"start":{"line":395,"column":0},"end":{"line":395,"column":null}}},"fnMap":{"0":{"name":"(anonymous_0)","decl":{"start":{"line":14,"column":0},"end":{"line":14,"column":null}},"loc":{"start":{"line":14,"column":0},"end":{"line":14,"column":null}}},"1":{"name":"(anonymous_2)","decl":{"start":{"line":95,"column":2},"end":{"line":95,"column":16}},"loc":{"start":{"line":98,"column":23},"end":{"line":262,"column":3}}},"2":{"name":"(anonymous_3)","decl":{"start":{"line":112,"column":19},"end":{"line":112,"column":20}},"loc":{"start":{"line":112,"column":29},"end":{"line":113,"column":null}}},"3":{"name":"(anonymous_4)","decl":{"start":{"line":127,"column":24},"end":{"line":127,"column":25}},"loc":{"start":{"line":127,"column":34},"end":{"line":128,"column":null}}},"4":{"name":"(anonymous_5)","decl":{"start":{"line":142,"column":17},"end":{"line":142,"column":18}},"loc":{"start":{"line":142,"column":27},"end":{"line":143,"column":null}}},"5":{"name":"(anonymous_6)","decl":{"start":{"line":152,"column":22},"end":{"line":152,"column":23}},"loc":{"start":{"line":152,"column":32},"end":{"line":153,"column":11}}},"6":{"name":"(anonymous_7)","decl":{"start":{"line":154,"column":18},"end":{"line":154,"column":19}},"loc":{"start":{"line":154,"column":28},"end":{"line":154,"column":42}}},"7":{"name":"(anonymous_8)","decl":{"start":{"line":155,"column":23},"end":{"line":155,"column":24}},"loc":{"start":{"line":155,"column":33},"end":{"line":155,"column":47}}},"8":{"name":"(anonymous_9)","decl":{"start":{"line":158,"column":19},"end":{"line":158,"column":20}},"loc":{"start":{"line":158,"column":29},"end":{"line":159,"column":null}}},"9":{"name":"(anonymous_10)","decl":{"start":{"line":173,"column":24},"end":{"line":173,"column":25}},"loc":{"start":{"line":173,"column":34},"end":{"line":173,"column":48}}},"10":{"name":"(anonymous_11)","decl":{"start":{"line":174,"column":17},"end":{"line":174,"column":18}},"loc":{"start":{"line":174,"column":27},"end":{"line":175,"column":13}}},"11":{"name":"(anonymous_12)","decl":{"start":{"line":176,"column":22},"end":{"line":176,"column":23}},"loc":{"start":{"line":176,"column":32},"end":{"line":177,"column":14}}},"12":{"name":"(anonymous_13)","decl":{"start":{"line":178,"column":18},"end":{"line":178,"column":19}},"loc":{"start":{"line":178,"column":28},"end":{"line":178,"column":42}}},"13":{"name":"(anonymous_14)","decl":{"start":{"line":179,"column":23},"end":{"line":179,"column":24}},"loc":{"start":{"line":179,"column":33},"end":{"line":179,"column":47}}},"14":{"name":"(anonymous_15)","decl":{"start":{"line":274,"column":2},"end":{"line":274,"column":16}},"loc":{"start":{"line":276,"column":42},"end":{"line":298,"column":3}}},"15":{"name":"(anonymous_16)","decl":{"start":{"line":310,"column":2},"end":{"line":310,"column":16}},"loc":{"start":{"line":313,"column":47},"end":{"line":323,"column":3}}},"16":{"name":"(anonymous_17)","decl":{"start":{"line":315,"column":24},"end":{"line":315,"column":25}},"loc":{"start":{"line":315,"column":29},"end":{"line":317,"column":5}}},"17":{"name":"(anonymous_18)","decl":{"start":{"line":336,"column":2},"end":{"line":336,"column":16}},"loc":{"start":{"line":336,"column":73},"end":{"line":343,"column":3}}},"18":{"name":"(anonymous_19)","decl":{"start":{"line":356,"column":2},"end":{"line":356,"column":16}},"loc":{"start":{"line":356,"column":121},"end":{"line":365,"column":3}}},"19":{"name":"(anonymous_20)","decl":{"start":{"line":382,"column":2},"end":{"line":382,"column":16}},"loc":{"start":{"line":382,"column":161},"end":{"line":392,"column":3}}},"20":{"name":"(anonymous_21)","decl":{"start":{"line":24,"column":28},"end":{"line":24,"column":29}},"loc":{"start":{"line":24,"column":41},"end":{"line":33,"column":3}}},"21":{"name":"(anonymous_22)","decl":{"start":{"line":40,"column":26},"end":{"line":40,"column":27}},"loc":{"start":{"line":40,"column":52},"end":{"line":42,"column":3}}},"22":{"name":"(anonymous_23)","decl":{"start":{"line":52,"column":29},"end":{"line":52,"column":30}},"loc":{"start":{"line":52,"column":70},"end":{"line":57,"column":3}}}},"branchMap":{"0":{"loc":{"start":{"line":96,"column":4},"end":{"line":96,"column":null}},"type":"if","locations":[{"start":{"line":96,"column":4},"end":{"line":96,"column":null}},{"start":{"line":96,"column":4},"end":{"line":96,"column":null}}]},"1":{"loc":{"start":{"line":97,"column":4},"end":{"line":97,"column":null}},"type":"if","locations":[{"start":{"line":97,"column":4},"end":{"line":97,"column":null}},{"start":{"line":97,"column":4},"end":{"line":97,"column":null}}]},"2":{"loc":{"start":{"line":98,"column":4},"end":{"line":98,"column":null}},"type":"if","locations":[{"start":{"line":98,"column":4},"end":{"line":98,"column":null}},{"start":{"line":98,"column":4},"end":{"line":98,"column":null}}]},"3":{"loc":{"start":{"line":189,"column":54},"end":{"line":189,"column":56}},"type":"cond-expr","locations":[{"start":{"line":189,"column":54},"end":{"line":189,"column":56}},{"start":{"line":189,"column":59},"end":{"line":189,"column":73}}]},"4":{"loc":{"start":{"line":233,"column":6},"end":{"line":237,"column":null}},"type":"if","locations":[{"start":{"line":233,"column":6},"end":{"line":237,"column":null}},{"start":{"line":233,"column":6},"end":{"line":237,"column":null}}]},"5":{"loc":{"start":{"line":240,"column":6},"end":{"line":249,"column":null}},"type":"if","locations":[{"start":{"line":240,"column":6},"end":{"line":249,"column":null}},{"start":{"line":240,"column":6},"end":{"line":249,"column":null}}]},"6":{"loc":{"start":{"line":243,"column":14},"end":{"line":243,"column":43}},"type":"cond-expr","locations":[{"start":{"line":243,"column":14},"end":{"line":243,"column":43}},{"start":{"line":244,"column":14},"end":{"line":244,"column":26}}]},"7":{"loc":{"start":{"line":254,"column":4},"end":{"line":260,"column":null}},"type":"if","locations":[{"start":{"line":254,"column":4},"end":{"line":260,"column":null}},{"start":{"line":254,"column":4},"end":{"line":260,"column":null}}]},"8":{"loc":{"start":{"line":257,"column":12},"end":{"line":257,"column":41}},"type":"cond-expr","locations":[{"start":{"line":257,"column":12},"end":{"line":257,"column":41}},{"start":{"line":258,"column":12},"end":{"line":258,"column":24}}]},"9":{"loc":{"start":{"line":276,"column":4},"end":{"line":276,"column":null}},"type":"if","locations":[{"start":{"line":276,"column":4},"end":{"line":276,"column":null}},{"start":{"line":276,"column":4},"end":{"line":276,"column":null}}]},"10":{"loc":{"start":{"line":282,"column":10},"end":{"line":282,"column":32}},"type":"cond-expr","locations":[{"start":{"line":282,"column":10},"end":{"line":282,"column":32}},{"start":{"line":283,"column":10},"end":{"line":283,"column":32}}]},"11":{"loc":{"start":{"line":313,"column":5},"end":{"line":313,"column":null}},"type":"if","locations":[{"start":{"line":313,"column":5},"end":{"line":313,"column":null}},{"start":{"line":313,"column":5},"end":{"line":313,"column":null}}]},"12":{"loc":{"start":{"line":320,"column":26},"end":{"line":320,"column":27}},"type":"cond-expr","locations":[{"start":{"line":320,"column":26},"end":{"line":320,"column":27}},{"start":{"line":320,"column":30},"end":{"line":320,"column":32}}]},"13":{"loc":{"start":{"line":336,"column":28},"end":{"line":336,"column":null}},"type":"if","locations":[{"start":{"line":336,"column":28},"end":{"line":336,"column":null}},{"start":{"line":336,"column":28},"end":{"line":336,"column":null}}]},"14":{"loc":{"start":{"line":341,"column":18},"end":{"line":341,"column":21}},"type":"cond-expr","locations":[{"start":{"line":341,"column":18},"end":{"line":341,"column":21}},{"start":{"line":341,"column":24},"end":{"line":341,"column":67}}]},"15":{"loc":{"start":{"line":341,"column":38},"end":{"line":341,"column":41}},"type":"cond-expr","locations":[{"start":{"line":341,"column":38},"end":{"line":341,"column":41}},{"start":{"line":341,"column":44},"end":{"line":341,"column":67}}]},"16":{"loc":{"start":{"line":341,"column":58},"end":{"line":341,"column":61}},"type":"cond-expr","locations":[{"start":{"line":341,"column":58},"end":{"line":341,"column":61}},{"start":{"line":341,"column":64},"end":{"line":341,"column":67}}]},"17":{"loc":{"start":{"line":356,"column":29},"end":{"line":356,"column":76}},"type":"if","locations":[{"start":{"line":356,"column":29},"end":{"line":356,"column":76}},{"start":{"line":356,"column":29},"end":{"line":356,"column":76}}]},"18":{"loc":{"start":{"line":356,"column":76},"end":{"line":356,"column":null}},"type":"if","locations":[{"start":{"line":356,"column":76},"end":{"line":356,"column":null}},{"start":{"line":356,"column":76},"end":{"line":356,"column":null}}]},"19":{"loc":{"start":{"line":360,"column":20},"end":{"line":360,"column":27}},"type":"cond-expr","locations":[{"start":{"line":360,"column":20},"end":{"line":360,"column":27}},{"start":{"line":360,"column":30},"end":{"line":360,"column":35}}]},"20":{"loc":{"start":{"line":361,"column":20},"end":{"line":361,"column":21}},"type":"cond-expr","locations":[{"start":{"line":361,"column":20},"end":{"line":361,"column":21}},{"start":{"line":361,"column":24},"end":{"line":361,"column":30}}]},"21":{"loc":{"start":{"line":382,"column":27},"end":{"line":382,"column":74}},"type":"if","locations":[{"start":{"line":382,"column":27},"end":{"line":382,"column":74}},{"start":{"line":382,"column":27},"end":{"line":382,"column":74}}]},"22":{"loc":{"start":{"line":382,"column":74},"end":{"line":382,"column":121}},"type":"if","locations":[{"start":{"line":382,"column":74},"end":{"line":382,"column":121}},{"start":{"line":382,"column":74},"end":{"line":382,"column":121}}]},"23":{"loc":{"start":{"line":382,"column":121},"end":{"line":382,"column":null}},"type":"if","locations":[{"start":{"line":382,"column":121},"end":{"line":382,"column":null}},{"start":{"line":382,"column":121},"end":{"line":382,"column":null}}]},"24":{"loc":{"start":{"line":41,"column":38},"end":{"line":41,"column":44}},"type":"cond-expr","locations":[{"start":{"line":41,"column":38},"end":{"line":41,"column":44}},{"start":{"line":41,"column":47},"end":{"line":41,"column":63}}]},"25":{"loc":{"start":{"line":52,"column":52},"end":{"line":52,"column":null}},"type":"if","locations":[{"start":{"line":52,"column":52},"end":{"line":52,"column":null}},{"start":{"line":52,"column":52},"end":{"line":52,"column":null}}]}},"s":{"0":1,"1":1,"2":2,"3":2,"4":3,"5":2,"6":1,"7":1,"8":1,"9":1,"10":1,"11":1,"12":1,"13":1,"14":1,"15":1,"16":1,"17":1,"18":2,"19":2,"20":2,"21":2,"22":2,"23":2,"24":2,"25":2,"26":2,"27":2,"28":2,"29":2,"30":2,"31":2,"32":2,"33":2,"34":2,"35":2,"36":2,"37":2,"38":2,"39":2,"40":2,"41":2,"42":2,"43":2,"44":2,"45":2,"46":2,"47":2,"48":2,"49":2,"50":2,"51":2,"52":2,"53":2,"54":2,"55":43,"56":2,"57":2,"58":2,"59":41,"60":22,"61":22,"62":22,"63":22,"64":19,"65":19,"66":2,"67":2,"68":2,"69":1,"70":1,"71":1,"72":1,"73":1,"74":1,"75":1,"76":1,"77":1,"78":1,"79":1,"80":1,"81":1,"82":1,"83":1,"84":1,"85":1,"86":1,"87":1,"88":1,"89":5,"90":1,"91":1,"92":2,"93":2,"94":2,"95":2,"96":2,"97":2,"98":1,"99":1,"100":1,"101":1,"102":1,"103":1,"104":1,"105":1,"106":1,"107":1,"108":1,"109":1,"110":1,"111":1,"112":1,"113":1,"114":1,"115":1,"116":1,"117":1,"118":1,"119":1,"120":15,"121":15,"122":1,"123":5,"124":1,"125":46,"126":24,"127":24,"128":24,"129":50,"130":24,"131":24,"132":1,"133":1},"f":{"0":1,"1":2,"2":1,"3":1,"4":1,"5":1,"6":1,"7":1,"8":1,"9":1,"10":1,"11":1,"12":1,"13":1,"14":1,"15":1,"16":5,"17":2,"18":1,"19":1,"20":15,"21":5,"22":24},"b":{"0":[0,2],"1":[0,2],"2":[1,1],"3":[0,2],"4":[2,41],"5":[22,19],"6":[11,11],"7":[2,0],"8":[2,0],"9":[0,1],"10":[1,0],"11":[0,1],"12":[1,0],"13":[0,2],"14":[2,0],"15":[0,0],"16":[0,0],"17":[0,1],"18":[0,1],"19":[0,1],"20":[0,1],"21":[0,1],"22":[0,1],"23":[0,1],"24":[0,5],"25":[22,2]}}
}
