TN:
SF:dms_date_class.ts
FN:14,(anonymous_0)
FN:95,(anonymous_2)
FN:112,(anonymous_3)
FN:127,(anonymous_4)
FN:142,(anonymous_5)
FN:152,(anonymous_6)
FN:154,(anonymous_7)
FN:155,(anonymous_8)
FN:158,(anonymous_9)
FN:173,(anonymous_10)
FN:174,(anonymous_11)
FN:176,(anonymous_12)
FN:178,(anonymous_13)
FN:179,(anonymous_14)
FN:274,(anonymous_15)
FN:310,(anonymous_16)
FN:315,(anonymous_17)
FN:336,(anonymous_18)
FN:356,(anonymous_19)
FN:382,(anonymous_20)
FN:24,(anonymous_21)
FN:40,(anonymous_22)
FN:52,(anonymous_23)
FNF:23
FNH:23
FNDA:1,(anonymous_0)
FNDA:2,(anonymous_2)
FNDA:1,(anonymous_3)
FNDA:1,(anonymous_4)
FNDA:1,(anonymous_5)
FNDA:1,(anonymous_6)
FNDA:1,(anonymous_7)
FNDA:1,(anonymous_8)
FNDA:1,(anonymous_9)
FNDA:1,(anonymous_10)
FNDA:1,(anonymous_11)
FNDA:1,(anonymous_12)
FNDA:1,(anonymous_13)
FNDA:1,(anonymous_14)
FNDA:1,(anonymous_15)
FNDA:1,(anonymous_16)
FNDA:5,(anonymous_17)
FNDA:2,(anonymous_18)
FNDA:1,(anonymous_19)
FNDA:1,(anonymous_20)
FNDA:15,(anonymous_21)
FNDA:5,(anonymous_22)
FNDA:24,(anonymous_23)
DA:14,1
DA:24,1
DA:25,15
DA:32,15
DA:40,1
DA:41,5
DA:52,46
DA:53,24
DA:54,50
DA:55,24
DA:56,24
DA:95,1
DA:96,2
DA:97,2
DA:98,3
DA:110,2
DA:113,1
DA:128,1
DA:143,1
DA:153,1
DA:154,1
DA:155,1
DA:159,1
DA:173,1
DA:175,1
DA:177,1
DA:178,1
DA:179,1
DA:182,2
DA:183,2
DA:184,2
DA:185,2
DA:186,2
DA:187,2
DA:188,2
DA:189,2
DA:190,2
DA:191,2
DA:192,2
DA:193,2
DA:196,2
DA:197,2
DA:200,2
DA:205,2
DA:208,2
DA:209,2
DA:210,2
DA:211,2
DA:212,2
DA:213,2
DA:214,2
DA:215,2
DA:216,2
DA:217,2
DA:218,2
DA:219,2
DA:220,2
DA:221,2
DA:222,2
DA:223,2
DA:225,2
DA:226,2
DA:227,2
DA:231,2
DA:233,43
DA:234,2
DA:235,2
DA:236,2
DA:240,41
DA:241,22
DA:246,22
DA:247,22
DA:248,22
DA:251,19
DA:252,19
DA:254,2
DA:255,2
DA:261,2
DA:274,1
DA:276,1
DA:278,1
DA:279,1
DA:280,1
DA:281,1
DA:287,1
DA:291,1
DA:292,1
DA:293,1
DA:294,1
DA:295,1
DA:296,1
DA:297,1
DA:310,1
DA:313,1
DA:314,1
DA:315,1
DA:316,5
DA:318,1
DA:336,2
DA:337,2
DA:338,2
DA:339,2
DA:340,2
DA:342,2
DA:356,1
DA:357,1
DA:358,1
DA:359,1
DA:363,1
DA:364,1
DA:382,1
DA:383,1
DA:384,1
DA:385,1
DA:386,1
DA:387,1
DA:388,1
DA:389,1
DA:390,1
DA:391,1
DA:393,1
DA:395,1
LF:122
LH:122
BRDA:96,0,0,0
BRDA:96,0,1,2
BRDA:97,1,0,0
BRDA:97,1,1,2
BRDA:98,2,0,1
BRDA:98,2,1,1
BRDA:189,3,0,0
BRDA:189,3,1,2
BRDA:233,4,0,2
BRDA:233,4,1,41
BRDA:240,5,0,22
BRDA:240,5,1,19
BRDA:243,6,0,11
BRDA:243,6,1,11
BRDA:254,7,0,2
BRDA:254,7,1,0
BRDA:257,8,0,2
BRDA:257,8,1,0
BRDA:276,9,0,0
BRDA:276,9,1,1
BRDA:282,10,0,1
BRDA:282,10,1,0
BRDA:313,11,0,0
BRDA:313,11,1,1
BRDA:320,12,0,1
BRDA:320,12,1,0
BRDA:336,13,0,0
BRDA:336,13,1,2
BRDA:341,14,0,2
BRDA:341,14,1,0
BRDA:341,15,0,0
BRDA:341,15,1,0
BRDA:341,16,0,0
BRDA:341,16,1,0
BRDA:356,17,0,0
BRDA:356,17,1,1
BRDA:356,18,0,0
BRDA:356,18,1,1
BRDA:360,19,0,0
BRDA:360,19,1,1
BRDA:361,20,0,0
BRDA:361,20,1,1
BRDA:382,21,0,0
BRDA:382,21,1,1
BRDA:382,22,0,0
BRDA:382,22,1,1
BRDA:382,23,0,0
BRDA:382,23,1,1
BRDA:41,24,0,0
BRDA:41,24,1,5
BRDA:52,25,0,22
BRDA:52,25,1,2
BRF:52
BRH:29
end_of_record
